<?xml version="1.0" encoding="UTF-8"?>
<testsuite name="com.exampleB.ServiceB.ServiceBApplicationTests" tests="1" skipped="0" failures="0" errors="0" timestamp="2025-03-23T14:20:32.980Z" hostname="QL" time="0.462">
  <properties/>
  <testcase name="contextLoads()" classname="com.exampleB.ServiceB.ServiceBApplicationTests" time="0.462"/>
  <system-out><![CDATA[22:20:31.553 [Test worker] INFO org.springframework.test.context.support.AnnotationConfigContextLoaderUtils -- Could not detect default configuration classes for test class [com.exampleB.ServiceB.ServiceBApplicationTests]: ServiceBApplicationTests does not declare any static, non-private, non-final, nested classes annotated with @Configuration.
22:20:31.639 [Test worker] INFO org.springframework.boot.test.context.SpringBootTestContextBootstrapper -- Found @SpringBootConfiguration com.exampleB.ServiceB.ServiceBApplication for test class com.exampleB.ServiceB.ServiceBApplicationTests

  .   ____          _            __ _ _
 /\\ / ___'_ __ _ _(_)_ __  __ _ \ \ \ \
( ( )\___ | '_ | '_| | '_ \/ _` | \ \ \ \
 \\/  ___)| |_)| | | | | || (_| |  ) ) ) )
  '  |____| .__|_| |_|_| |_\__, | / / / /
 =========|_|==============|___/=/_/_/_/

 :: Spring Boot ::                (v3.4.3)

2025-03-23T22:20:31.925+08:00  INFO 28480 --- [ServiceB] [    Test worker] c.e.ServiceB.ServiceBApplicationTests    : Starting ServiceBApplicationTests using Java 17.0.12 with PID 28480 (started by Li Qiang in D:\Spring boot\ServiceBGit)
2025-03-23T22:20:31.927+08:00  INFO 28480 --- [ServiceB] [    Test worker] c.e.ServiceB.ServiceBApplicationTests    : No active profile set, falling back to 1 default profile: "default"
2025-03-23T22:20:32.962+08:00  INFO 28480 --- [ServiceB] [    Test worker] c.e.ServiceB.ServiceBApplicationTests    : Started ServiceBApplicationTests in 1.211 seconds (process running for 2.02)
]]></system-out>
  <system-err><![CDATA[]]></system-err>
</testsuite>
